<mule xmlns="http://www.mulesoft.org/schema/mule/core" xmlns:xsi="http://www.w3.org/2001/XMLSchema-instance"
	  xmlns:http="http://www.mulesoft.org/schema/mule/http"
	  xsi:schemaLocation="http://www.mulesoft.org/schema/mule/core http://www.mulesoft.org/schema/mule/core/current/mule.xsd
          http://www.mulesoft.org/schema/mule/http http://www.mulesoft.org/schema/mule/http/current/mule-http.xsd">

	<flow name="test-flow">
		<http:request method="GET" url="https://postman-echo.com/get"/>
		<object-to-string-transformer />
	</flow>

</mule>
